<?xml version="1.0" encoding="UTF-8"?>
<testng-results skipped="0" failed="0" ignored="0" total="2" passed="2">
  <reporter-output>
  </reporter-output>
  <suite name="Suite" duration-ms="7926" started-at="2018-05-12T23:06:24Z" finished-at="2018-05-12T23:06:32Z">
    <groups>
      <group name="cucumber">
        <method signature="AbstractTestNGCucumberTests.feature(cucumber.api.testng.CucumberFeatureWrapper)[pri:0, instance:TestRunner.TC01_Login@68837a77]" name="feature" class="cucumber.api.testng.AbstractTestNGCucumberTests"/>
        <method signature="AbstractTestNGCucumberTests.feature(cucumber.api.testng.CucumberFeatureWrapper)[pri:0, instance:TestRunner.TC02_Login@6be46e8f]" name="feature" class="cucumber.api.testng.AbstractTestNGCucumberTests"/>
      </group> <!-- cucumber -->
    </groups>
    <test name="Test" duration-ms="7926" started-at="2018-05-12T23:06:24Z" finished-at="2018-05-12T23:06:32Z">
      <class name="TestRunner.TC01_Login">
        <test-method status="PASS" signature="setUpClass()[pri:0, instance:TestRunner.TC01_Login@68837a77]" name="setUpClass" is-config="true" duration-ms="148" started-at="2018-05-12T19:06:24Z" finished-at="2018-05-12T19:06:24Z">
          <reporter-output>
          </reporter-output>
        </test-method> <!-- setUpClass -->
        <test-method status="PASS" signature="feature(cucumber.api.testng.CucumberFeatureWrapper)[pri:0, instance:TestRunner.TC01_Login@68837a77]" name="feature" duration-ms="4765" started-at="2018-05-12T19:06:24Z" description="Runs Cucumber Feature" data-provider="features" finished-at="2018-05-12T19:06:29Z">
          <params>
            <param index="0">
              <value>
                <![CDATA[Admin login to HRM home page]]>
              </value>
            </param>
          </params>
          <reporter-output>
          </reporter-output>
        </test-method> <!-- feature -->
        <test-method status="PASS" signature="tearDownClass()[pri:0, instance:TestRunner.TC01_Login@68837a77]" name="tearDownClass" is-config="true" duration-ms="7" started-at="2018-05-12T19:06:29Z" finished-at="2018-05-12T19:06:29Z">
          <reporter-output>
          </reporter-output>
        </test-method> <!-- tearDownClass -->
      </class> <!-- TestRunner.TC01_Login -->
      <class name="TestRunner.TC02_Login">
        <test-method status="PASS" signature="setUpClass()[pri:0, instance:TestRunner.TC02_Login@6be46e8f]" name="setUpClass" is-config="true" duration-ms="18" started-at="2018-05-12T19:06:29Z" finished-at="2018-05-12T19:06:29Z">
          <reporter-output>
          </reporter-output>
        </test-method> <!-- setUpClass -->
        <test-method status="PASS" signature="feature(cucumber.api.testng.CucumberFeatureWrapper)[pri:0, instance:TestRunner.TC02_Login@6be46e8f]" name="feature" duration-ms="2913" started-at="2018-05-12T19:06:29Z" description="Runs Cucumber Feature" data-provider="features" finished-at="2018-05-12T19:06:32Z">
          <params>
            <param index="0">
              <value>
                <![CDATA[Adminlogin to HRM home page]]>
              </value>
            </param>
          </params>
          <reporter-output>
          </reporter-output>
        </test-method> <!-- feature -->
        <test-method status="PASS" signature="tearDownClass()[pri:0, instance:TestRunner.TC02_Login@6be46e8f]" name="tearDownClass" is-config="true" duration-ms="1" started-at="2018-05-12T19:06:32Z" finished-at="2018-05-12T19:06:32Z">
          <reporter-output>
          </reporter-output>
        </test-method> <!-- tearDownClass -->
      </class> <!-- TestRunner.TC02_Login -->
    </test> <!-- Test -->
  </suite> <!-- Suite -->
</testng-results>
