<?xml version="1.0" encoding="UTF-8"?>
<testng-results skipped="0" failed="0" ignored="0" total="2" passed="2">
  <reporter-output>
  </reporter-output>
  <suite name="Suite" duration-ms="8389" started-at="2018-05-07T13:21:05Z" finished-at="2018-05-07T13:21:13Z">
    <groups>
      <group name="cucumber">
        <method signature="AbstractTestNGCucumberTests.feature(cucumber.api.testng.CucumberFeatureWrapper)[pri:0, instance:TestRunner.TC01_Login@6be46e8f]" name="feature" class="cucumber.api.testng.AbstractTestNGCucumberTests"/>
        <method signature="AbstractTestNGCucumberTests.feature(cucumber.api.testng.CucumberFeatureWrapper)[pri:0, instance:TestRunner.TC02_Login@3567135c]" name="feature" class="cucumber.api.testng.AbstractTestNGCucumberTests"/>
      </group> <!-- cucumber -->
    </groups>
    <test name="Test" duration-ms="8389" started-at="2018-05-07T13:21:05Z" finished-at="2018-05-07T13:21:13Z">
      <class name="TestRunner.TC01_Login">
        <test-method status="PASS" signature="setUpClass()[pri:0, instance:TestRunner.TC01_Login@6be46e8f]" name="setUpClass" is-config="true" duration-ms="212" started-at="2018-05-07T09:21:05Z" finished-at="2018-05-07T09:21:05Z">
          <reporter-output>
          </reporter-output>
        </test-method> <!-- setUpClass -->
        <test-method status="PASS" signature="feature(cucumber.api.testng.CucumberFeatureWrapper)[pri:0, instance:TestRunner.TC01_Login@6be46e8f]" name="feature" duration-ms="4872" started-at="2018-05-07T09:21:05Z" description="Runs Cucumber Feature" data-provider="features" finished-at="2018-05-07T09:21:10Z">
          <params>
            <param index="0">
              <value>
                <![CDATA[Admin login to HRM home page]]>
              </value>
            </param>
          </params>
          <reporter-output>
          </reporter-output>
        </test-method> <!-- feature -->
        <test-method status="PASS" signature="tearDownClass()[pri:0, instance:TestRunner.TC01_Login@6be46e8f]" name="tearDownClass" is-config="true" duration-ms="2" started-at="2018-05-07T09:21:10Z" finished-at="2018-05-07T09:21:10Z">
          <reporter-output>
          </reporter-output>
        </test-method> <!-- tearDownClass -->
      </class> <!-- TestRunner.TC01_Login -->
      <class name="TestRunner.TC02_Login">
        <test-method status="PASS" signature="setUpClass()[pri:0, instance:TestRunner.TC02_Login@3567135c]" name="setUpClass" is-config="true" duration-ms="10" started-at="2018-05-07T09:21:10Z" finished-at="2018-05-07T09:21:10Z">
          <reporter-output>
          </reporter-output>
        </test-method> <!-- setUpClass -->
        <test-method status="PASS" signature="feature(cucumber.api.testng.CucumberFeatureWrapper)[pri:0, instance:TestRunner.TC02_Login@3567135c]" name="feature" duration-ms="3185" started-at="2018-05-07T09:21:10Z" description="Runs Cucumber Feature" data-provider="features" finished-at="2018-05-07T09:21:13Z">
          <params>
            <param index="0">
              <value>
                <![CDATA[Adminlogin to HRM home page]]>
              </value>
            </param>
          </params>
          <reporter-output>
          </reporter-output>
        </test-method> <!-- feature -->
        <test-method status="PASS" signature="tearDownClass()[pri:0, instance:TestRunner.TC02_Login@3567135c]" name="tearDownClass" is-config="true" duration-ms="1" started-at="2018-05-07T09:21:13Z" finished-at="2018-05-07T09:21:13Z">
          <reporter-output>
          </reporter-output>
        </test-method> <!-- tearDownClass -->
      </class> <!-- TestRunner.TC02_Login -->
    </test> <!-- Test -->
  </suite> <!-- Suite -->
</testng-results>
